0 verbose cli C:\Program Files\nodejs\node.exe C:\Users\KaZa\AppData\Roaming\npm\node_modules\npm\bin\npm-cli.js
1 info using npm@11.11.0
2 info using node@v24.11.1
3 silly config load:file:C:\Users\KaZa\AppData\Roaming\npm\node_modules\npm\npmrc
4 silly config load:file:C:\pj\alesha\.npmrc
5 silly config load:file:C:\Users\KaZa\.npmrc
6 silly config load:file:C:\Users\KaZa\AppData\Roaming\npm\etc\npmrc
7 verbose title npm exec skills add novotnyllc/dotnet-artisan@dotnet-ui -g
8 verbose argv "exec" "--yes" "--" "skills" "add" "novotnyllc/dotnet-artisan@dotnet-ui" "-g"
9 verbose logfile logs-max:10 dir:C:\pj\alesha\.npm-cache\_logs\2026-03-26T20_35_56_478Z-
10 verbose logfile C:\pj\alesha\.npm-cache\_logs\2026-03-26T20_35_56_478Z-debug-0.log
11 silly logfile done cleaning log files
12 silly packumentCache heap:4496293888 maxSize:1124073472 maxEntrySize:562036736
13 http fetch GET 200 https://registry.npmjs.org/skills 296ms (cache revalidated)
14 silly packumentCache heap:4496293888 maxSize:1124073472 maxEntrySize:562036736
15 silly packumentCache heap:4496293888 maxSize:1124073472 maxEntrySize:562036736
16 verbose cwd C:\pj\alesha
17 verbose os Windows_NT 10.0.26200
18 verbose node v24.11.1
19 verbose npm  v11.11.0
20 verbose exit 0
21 info ok
